freeze 核验通过 config_sha=d27acaf5f6c5bf7e router_sha=90d8e0dfae87d1e0…
  [resume] full-refit 从 250/1000 续跑
  [full-refit] 260/1000 [110s]
  [full-refit] 280/1000 [329s]
  [full-refit] 300/1000 [549s]
  [full-refit] 320/1000 [772s]
  [full-refit] 340/1000 [992s]
  [full-refit] 360/1000 [1213s]
  [full-refit] 380/1000 [1437s]
  [full-refit] 400/1000 [1659s]
  [full-refit] 420/1000 [1879s]
  [full-refit] 440/1000 [2099s]
  [full-refit] 460/1000 [2322s]
  [full-refit] 480/1000 [2531s]
  [full-refit] 500/1000 [2738s]
  [full-refit] 520/1000 [2945s]
  [full-refit] 540/1000 [3151s]
  [full-refit] 560/1000 [3357s]
  [full-refit] 580/1000 [3563s]
  [full-refit] 600/1000 [3769s]
  [full-refit] 620/1000 [3974s]
  [full-refit] 640/1000 [4182s]
  [full-refit] 660/1000 [4387s]
  [full-refit] 680/1000 [4593s]
  [full-refit] 700/1000 [4798s]
  [full-refit] 720/1000 [5006s]
  [full-refit] 740/1000 [5211s]
  [full-refit] 760/1000 [5414s]
  [full-refit] 780/1000 [5623s]
  [full-refit] 800/1000 [5830s]
  [full-refit] 820/1000 [6037s]
  [full-refit] 840/1000 [6243s]
  [full-refit] 860/1000 [6449s]
  [full-refit] 880/1000 [6657s]
  [full-refit] 900/1000 [6862s]
  [full-refit] 920/1000 [7069s]
  [full-refit] 940/1000 [7279s]
  [full-refit] 960/1000 [7485s]
  [full-refit] 980/1000 [7691s]
  [full-refit] 1000/1000 [7898s]
  dp_abstain_vs_global         boot_mean=-0.2154 CI[-0.3114,-0.1197]
  dp_abstain_vs_d_lookup       boot_mean=-0.0718 CI[-0.1375,-0.0010]
  dp_abstain_vs_d_gbdt         boot_mean=-0.1575 CI[-0.2234,-0.0882]
  dp_abstain_vs_true_d_gbdt    boot_mean=-0.1180 CI[-0.1895,-0.0496]
  dp_abstain_vs_dp_gbdt        boot_mean=+0.0286 CI[-0.0047,+0.0662]
